<?xml version="1.0" encoding="UTF-8"?>
<testsuite xmlns:xsi="http://www.w3.org/2001/XMLSchema-instance" xsi:noNamespaceSchemaLocation="https://maven.apache.org/surefire/maven-surefire-plugin/xsd/surefire-test-report-3.0.xsd" version="3.0" name="com.gvision.gwebplugin.Commands.CommandManagerTest" time="2.235" tests="1" errors="0" skipped="0" failures="0">
  <properties>
[...]
</properties>
  <testcase name="registerAllSetsExecutor" classname="com.gvision.gwebplugin.Commands.CommandManagerTest" time="2.201">
    <system-out><![CDATA[Laddar fil: C:\Users\admin\AppData\Local\Temp\MockBukkit-148995775217851376980371511895\Plugin-1.0.0\webSocket.yml
Laddar fil: C:\Users\admin\AppData\Local\Temp\MockBukkit-148995775217851376980371511895\Plugin-1.0.0\webchatOFFList.yml
Laddar fil: C:\Users\admin\AppData\Local\Temp\MockBukkit-148995775217851376980371511895\Plugin-1.0.0\bannedfile.yml
]]></system-out>
    <system-err><![CDATA[SLF4J(W): No SLF4J providers were found.
SLF4J(W): Defaulting to no-operation (NOP) logger implementation
SLF4J(W): See https://www.slf4j.org/codes.html#noProviders for further details.
[21:59:18 WARNING]: WebSocket är avstängd eller saknar URL i config.yml
[21:59:18 WARNING]: Command not found in plugin.yml: gweb
]]></system-err>
  </testcase>
</testsuite>